c:\users\beni\documents\github\sfml-game\game\game\debug\vc120.pdb
c:\users\beni\documents\github\sfml-game\game\game\debug\vc120.idb
c:\users\beni\documents\github\sfml-game\game\game\debug\collision.nativecodeanalysis.xml
c:\users\beni\documents\github\sfml-game\game\game\debug\game.nativecodeanalysis.xml
c:\users\beni\documents\github\sfml-game\game\game\debug\main.nativecodeanalysis.xml
c:\users\beni\documents\github\sfml-game\game\game\debug\texturemanager.nativecodeanalysis.xml
c:\users\beni\documents\github\sfml-game\game\game\debug\tilemap.nativecodeanalysis.xml
c:\users\beni\documents\github\sfml-game\game\game\debug\tile.nativecodeanalysis.xml
c:\users\beni\documents\github\sfml-game\game\game\debug\tile.obj
c:\users\beni\documents\github\sfml-game\game\game\debug\tilemap.obj
c:\users\beni\documents\github\sfml-game\game\game\debug\texturemanager.obj
c:\users\beni\documents\github\sfml-game\game\game\debug\main.obj
c:\users\beni\documents\github\sfml-game\game\game\debug\game.obj
c:\users\beni\documents\github\sfml-game\game\game\debug\collision.obj
c:\users\beni\documents\github\sfml-game\game\debug\game.ilk
c:\users\beni\documents\github\sfml-game\game\debug\game.exe
c:\users\beni\documents\github\sfml-game\game\debug\game.pdb
c:\users\beni\documents\github\sfml-game\game\game\debug\game.vcxprojresolveassemblyreference.cache
c:\users\beni\documents\github\sfml-game\game\game\debug\nativecodeanalysis.read.1.tlog
c:\users\beni\documents\github\sfml-game\game\game\debug\vc.nativecodeanalysis.all.xml
c:\users\beni\documents\github\sfml-game\game\debug\game.exe.lastcodeanalysissucceeded
c:\users\beni\documents\github\sfml-game\game\game\debug\game.tlog\cl.command.1.tlog
c:\users\beni\documents\github\sfml-game\game\game\debug\game.tlog\cl.read.1.tlog
c:\users\beni\documents\github\sfml-game\game\game\debug\game.tlog\cl.write.1.tlog
c:\users\beni\documents\github\sfml-game\game\game\debug\game.tlog\link.command.1.tlog
c:\users\beni\documents\github\sfml-game\game\game\debug\game.tlog\link.read.1.tlog
c:\users\beni\documents\github\sfml-game\game\game\debug\game.tlog\link.write.1.tlog
