Build started 06.11.2014 14:26:14.
     1>Project "C:\Users\beni\Source\Repos\SFML-Game\Game\Game\Game.vcxproj" on node 2 (Build target(s)).
     1>ClCompile:
         C:\Program Files (x86)\Microsoft Visual Studio 12.0\VC\bin\CL.exe /c /I"C:\Users\beni\Source\Repos\SFML-Game\Game\SFML\include" /Zi /nologo /W3 /WX- /sdl /Od /Oy- /D WIN32 /D _DEBUG /D _CONSOLE /D _LIB /D _UNICODE /D UNICODE /Gm /EHsc /RTC1 /MDd /GS /fp:precise /Zc:wchar_t /Zc:forScope /Fo"Debug\\" /Fd"Debug\vc120.pdb" /Gd /TP /analyze- /errorReport:prompt tilemap.cpp
         tilemap.cpp
     1>tilemap.cpp(51): warning C4018: '<' : signed/unsigned mismatch
     1>tilemap.cpp(52): warning C4018: '<' : signed/unsigned mismatch
     1>tilemap.cpp(65): warning C4244: 'argument' : conversion from 'unsigned int' to 'float', possible loss of data
     1>tilemap.cpp(66): warning C4244: 'argument' : conversion from 'unsigned int' to 'float', possible loss of data
     1>tilemap.cpp(67): warning C4244: 'argument' : conversion from 'unsigned int' to 'float', possible loss of data
     1>tilemap.cpp(68): warning C4244: 'argument' : conversion from 'unsigned int' to 'float', possible loss of data
     1>tilemap.cpp(71): warning C4244: 'argument' : conversion from 'unsigned int' to 'float', possible loss of data
     1>tilemap.cpp(72): warning C4244: 'argument' : conversion from 'unsigned int' to 'float', possible loss of data
     1>tilemap.cpp(73): warning C4244: 'argument' : conversion from 'unsigned int' to 'float', possible loss of data
     1>tilemap.cpp(74): warning C4244: 'argument' : conversion from 'unsigned int' to 'float', possible loss of data
       Link:
         C:\Program Files (x86)\Microsoft Visual Studio 12.0\VC\bin\link.exe /ERRORREPORT:PROMPT /OUT:"C:\Users\beni\Source\Repos\SFML-Game\Game\Debug\Game.exe" /INCREMENTAL /NOLOGO /LIBPATH:"C:\Users\beni\Source\Repos\SFML-Game\Game\SFML\lib\Debug" "sfml-graphics-d.lib" "sfml-window-d.lib" "sfml-system-d.lib" kernel32.lib user32.lib gdi32.lib winspool.lib comdlg32.lib advapi32.lib shell32.lib ole32.lib oleaut32.lib uuid.lib odbc32.lib odbccp32.lib /MANIFEST /MANIFESTUAC:"level='asInvoker' uiAccess='false'" /manifest:embed /DEBUG /PDB:"C:\Users\beni\Source\Repos\SFML-Game\Game\Debug\Game.pdb" /SUBSYSTEM:CONSOLE /TLBID:1 /DYNAMICBASE /NXCOMPAT /IMPLIB:"C:\Users\beni\Source\Repos\SFML-Game\Game\Debug\Game.lib" /MACHINE:X86 Debug\game.obj
         Debug\main.obj
         Debug\tilemap.obj
         Game.vcxproj -> C:\Users\beni\Source\Repos\SFML-Game\Game\Debug\Game.exe
     1>Done Building Project "C:\Users\beni\Source\Repos\SFML-Game\Game\Game\Game.vcxproj" (Build target(s)).

Build succeeded.

Time Elapsed 00:00:02.12
