Build started 09.12.2014 13:10:09.
     1>Project "C:\Users\beni\Documents\GitHub\SFML-Game\Game\Game\Game.vcxproj" on node 2 (Build target(s)).
     1>ClCompile:
         C:\Program Files (x86)\Microsoft Visual Studio 12.0\VC\bin\CL.exe /c /I"C:\Users\beni\Source\Repos\SFML-Game\Game\SFML\include" /I"C:\Users\Benjamin\Documents\GitHub\SFML-Game\Game\SFML\include" /Zi /nologo /W3 /WX- /sdl /O2 /Oi /Oy- /GL /D WIN32 /D NDEBUG /D _CONSOLE /D _LIB /D _UNICODE /D UNICODE /Gm- /EHsc /MD /GS /Gy /fp:precise /Zc:wchar_t /Zc:forScope /Fo"Release\\" /Fd"Release\vc120.pdb" /Gd /TP /analyze- /errorReport:prompt Collision.cpp game.cpp main.cpp TextureManager.cpp TileMap.cpp Tile.cpp
         Collision.cpp
     1>Collision.cpp(70): warning C4244: 'initializing' : conversion from 'float' to 'int', possible loss of data
     1>Collision.cpp(71): warning C4244: 'initializing' : conversion from 'float' to 'int', possible loss of data
     1>Collision.cpp(73): warning C4244: 'argument' : conversion from 'int' to 'float', possible loss of data
     1>Collision.cpp(74): warning C4244: 'argument' : conversion from 'int' to 'float', possible loss of data
     1>Collision.cpp(136): warning C4244: 'argument' : conversion from 'int' to 'float', possible loss of data
     1>Collision.cpp(137): warning C4244: 'argument' : conversion from 'int' to 'float', possible loss of data
     1>Collision.cpp(138): warning C4244: 'argument' : conversion from 'int' to 'float', possible loss of data
         game.cpp
         main.cpp
         TextureManager.cpp
         TileMap.cpp
         Tile.cpp
       Link:
         C:\Program Files (x86)\Microsoft Visual Studio 12.0\VC\bin\link.exe /ERRORREPORT:PROMPT /OUT:"C:\Users\beni\Documents\GitHub\SFML-Game\Game\Release\Game.exe" /INCREMENTAL:NO /NOLOGO /LIBPATH:"C:\Users\beni\Documents\GitHub\SFML-Game\Game\SFML\lib\Release" /LIBPATH:"C:\Users\Benjamin\Documents\GitHub\SFML-Game\Game\SFML\lib\Release" "sfml-graphics.lib" "sfml-window.lib" "sfml-system.lib" kernel32.lib user32.lib gdi32.lib winspool.lib comdlg32.lib advapi32.lib shell32.lib ole32.lib oleaut32.lib uuid.lib odbc32.lib odbccp32.lib /MANIFEST /MANIFESTUAC:"level='asInvoker' uiAccess='false'" /manifest:embed /DEBUG /PDB:"C:\Users\beni\Documents\GitHub\SFML-Game\Game\Release\Game.pdb" /SUBSYSTEM:CONSOLE /OPT:REF /OPT:ICF /LTCG /TLBID:1 /DYNAMICBASE /NXCOMPAT /IMPLIB:"C:\Users\beni\Documents\GitHub\SFML-Game\Game\Release\Game.lib" /MACHINE:X86 /SAFESEH Release\Collision.obj
         Release\game.obj
         Release\main.obj
         Release\TextureManager.obj
         Release\TileMap.obj
         Release\Tile.obj
         Generating code
         Finished generating code
         Game.vcxproj -> C:\Users\beni\Documents\GitHub\SFML-Game\Game\Release\Game.exe
     1>Done Building Project "C:\Users\beni\Documents\GitHub\SFML-Game\Game\Game\Game.vcxproj" (Build target(s)).

Build succeeded.

Time Elapsed 00:00:06.40
